<?xml version="1.0" encoding="UTF-8"?>
<!-- Generated by org.testng.reporters.JUnitXMLReporter -->
<testsuite ignored="0" hostname="LAPTOP-SRPU678Q" failures="0" tests="12" name="Free CRM App Test Cases" time="128.335" errors="0" timestamp="2023-04-17T10:50:09 GMT-04:00">
  <testcase classname="com.crm.qa.testcases.LoginPageTest" name="LoginPageTitleTest" time="0.029"/>
  <testcase classname="com.crm.qa.testcases.LoginPageTest" name="crmLogoImageTest" time="0.071"/>
  <testcase classname="com.crm.qa.testcases.LoginPageTest" name="LoginTest" time="5.148"/>
  <testcase classname="com.crm.qa.testcases.HomePageTest" name="HomePageTitleTest" time="0.009"/>
  <testcase classname="com.crm.qa.testcases.HomePageTest" name="verifyUserNameTest" time="0.095"/>
  <testcase classname="com.crm.qa.testcases.HomePageTest" name="verifyContactsLinkTest" time="1.65"/>
  <testcase classname="com.crm.qa.testcases.ContactsPageTest" name="VerifyContactsPageLableTest" time="1.525"/>
  <testcase classname="com.crm.qa.testcases.ContactsPageTest" name="selectSingleContactsTest" time="1.395"/>
  <testcase classname="com.crm.qa.testcases.ContactsPageTest" name="selectmultipleContactsTest" time="1.516"/>
  <testcase classname="com.crm.qa.testcases.ContactsPageTest" name="CreateNewContactTest" time="4.439"/>
  <testcase classname="com.crm.qa.testcases.ContactsPageTest" name="CreateNewContactTest" time="3.774"/>
  <testcase classname="com.crm.qa.testcases.ContactsPageTest" name="CreateNewContactTest" time="3.55"/>
</testsuite> <!-- Free CRM App Test Cases -->
