<?xml version="1.0" encoding="UTF-8"?>
<!-- Generated by org.testng.reporters.JUnitXMLReporter -->
<testsuite ignored="0" hostname="LAPTOP-SRPU678Q" failures="0" tests="12" name="Surefire test" time="116.08" errors="0" timestamp="2023-04-17T11:28:52 GMT-04:00">
  <testcase classname="com.crm.qa.testcases.ContactsPageTest" name="VerifyContactsPageLableTest" time="1.322"/>
  <testcase classname="com.crm.qa.testcases.ContactsPageTest" name="selectSingleContactsTest" time="1.413"/>
  <testcase classname="com.crm.qa.testcases.ContactsPageTest" name="selectmultipleContactsTest" time="1.444"/>
  <testcase classname="com.crm.qa.testcases.ContactsPageTest" name="CreateNewContactTest" time="4.175"/>
  <testcase classname="com.crm.qa.testcases.ContactsPageTest" name="CreateNewContactTest" time="3.71"/>
  <testcase classname="com.crm.qa.testcases.ContactsPageTest" name="CreateNewContactTest" time="3.844"/>
  <testcase classname="com.crm.qa.testcases.HomePageTest" name="HomePageTitleTest" time="0.011"/>
  <testcase classname="com.crm.qa.testcases.HomePageTest" name="verifyUserNameTest" time="0.128"/>
  <testcase classname="com.crm.qa.testcases.HomePageTest" name="verifyContactsLinkTest" time="1.329"/>
  <testcase classname="com.crm.qa.testcases.LoginPageTest" name="LoginPageTitleTest" time="0.007"/>
  <testcase classname="com.crm.qa.testcases.LoginPageTest" name="crmLogoImageTest" time="0.092"/>
  <testcase classname="com.crm.qa.testcases.LoginPageTest" name="LoginTest" time="4.909"/>
</testsuite> <!-- Surefire test -->
