<?xml version="1.0" encoding="UTF-8"?>
<testng-results ignored="0" total="12" passed="12" failed="0" skipped="0">
  <reporter-output>
  </reporter-output>
  <suite started-at="2023-04-17T11:26:56 GMT-04:00" name="Surefire suite" finished-at="2023-04-17T11:28:52 GMT-04:00" duration-ms="116080">
    <groups>
    </groups>
    <test started-at="2023-04-17T11:26:56 GMT-04:00" name="Surefire test" finished-at="2023-04-17T11:28:52 GMT-04:00" duration-ms="116080">
      <class name="com.crm.qa.testcases.HomePageTest">
        <test-method is-config="true" signature="setUP()[pri:0, instance:com.crm.qa.testcases.HomePageTest@3ba9ad43]" started-at="2023-04-17T11:28:09 GMT-04:00" name="setUP" finished-at="2023-04-17T11:28:17 GMT-04:00" duration-ms="8130" status="PASS">
          <reporter-output>
          </reporter-output>
        </test-method> <!-- setUP -->
        <test-method signature="HomePageTitleTest()[pri:1, instance:com.crm.qa.testcases.HomePageTest@3ba9ad43]" started-at="2023-04-17T11:28:17 GMT-04:00" name="HomePageTitleTest" finished-at="2023-04-17T11:28:17 GMT-04:00" duration-ms="11" status="PASS">
          <reporter-output>
          </reporter-output>
        </test-method> <!-- HomePageTitleTest -->
        <test-method is-config="true" signature="tearDown()[pri:0, instance:com.crm.qa.testcases.HomePageTest@3ba9ad43]" started-at="2023-04-17T11:28:17 GMT-04:00" name="tearDown" finished-at="2023-04-17T11:28:17 GMT-04:00" duration-ms="255" status="PASS">
          <reporter-output>
          </reporter-output>
        </test-method> <!-- tearDown -->
        <test-method is-config="true" signature="setUP()[pri:0, instance:com.crm.qa.testcases.HomePageTest@3ba9ad43]" started-at="2023-04-17T11:28:17 GMT-04:00" name="setUP" finished-at="2023-04-17T11:28:26 GMT-04:00" duration-ms="8658" status="PASS">
          <reporter-output>
          </reporter-output>
        </test-method> <!-- setUP -->
        <test-method signature="verifyUserNameTest()[pri:2, instance:com.crm.qa.testcases.HomePageTest@3ba9ad43]" started-at="2023-04-17T11:28:26 GMT-04:00" name="verifyUserNameTest" finished-at="2023-04-17T11:28:26 GMT-04:00" duration-ms="128" status="PASS">
          <reporter-output>
          </reporter-output>
        </test-method> <!-- verifyUserNameTest -->
        <test-method is-config="true" signature="tearDown()[pri:0, instance:com.crm.qa.testcases.HomePageTest@3ba9ad43]" started-at="2023-04-17T11:28:26 GMT-04:00" name="tearDown" finished-at="2023-04-17T11:28:26 GMT-04:00" duration-ms="242" status="PASS">
          <reporter-output>
          </reporter-output>
        </test-method> <!-- tearDown -->
        <test-method is-config="true" signature="setUP()[pri:0, instance:com.crm.qa.testcases.HomePageTest@3ba9ad43]" started-at="2023-04-17T11:28:26 GMT-04:00" name="setUP" finished-at="2023-04-17T11:28:35 GMT-04:00" duration-ms="8045" status="PASS">
          <reporter-output>
          </reporter-output>
        </test-method> <!-- setUP -->
        <test-method signature="verifyContactsLinkTest()[pri:3, instance:com.crm.qa.testcases.HomePageTest@3ba9ad43]" started-at="2023-04-17T11:28:35 GMT-04:00" name="verifyContactsLinkTest" finished-at="2023-04-17T11:28:36 GMT-04:00" duration-ms="1329" status="PASS">
          <reporter-output>
          </reporter-output>
        </test-method> <!-- verifyContactsLinkTest -->
        <test-method is-config="true" signature="tearDown()[pri:0, instance:com.crm.qa.testcases.HomePageTest@3ba9ad43]" started-at="2023-04-17T11:28:36 GMT-04:00" name="tearDown" finished-at="2023-04-17T11:28:36 GMT-04:00" duration-ms="246" status="PASS">
          <reporter-output>
          </reporter-output>
        </test-method> <!-- tearDown -->
      </class> <!-- com.crm.qa.testcases.HomePageTest -->
      <class name="com.crm.qa.testcases.ContactsPageTest">
        <test-method is-config="true" signature="setUP()[pri:0, instance:com.crm.qa.testcases.ContactsPageTest@161479c6]" started-at="2023-04-17T11:26:56 GMT-04:00" name="setUP" finished-at="2023-04-17T11:27:07 GMT-04:00" duration-ms="10759" status="PASS">
          <reporter-output>
          </reporter-output>
        </test-method> <!-- setUP -->
        <test-method signature="VerifyContactsPageLableTest()[pri:1, instance:com.crm.qa.testcases.ContactsPageTest@161479c6]" started-at="2023-04-17T11:27:07 GMT-04:00" name="VerifyContactsPageLableTest" finished-at="2023-04-17T11:27:08 GMT-04:00" duration-ms="1322" status="PASS">
          <reporter-output>
          </reporter-output>
        </test-method> <!-- VerifyContactsPageLableTest -->
        <test-method is-config="true" signature="tearDown()[pri:0, instance:com.crm.qa.testcases.ContactsPageTest@161479c6]" started-at="2023-04-17T11:27:08 GMT-04:00" name="tearDown" finished-at="2023-04-17T11:27:08 GMT-04:00" duration-ms="246" status="PASS">
          <reporter-output>
          </reporter-output>
        </test-method> <!-- tearDown -->
        <test-method is-config="true" signature="setUP()[pri:0, instance:com.crm.qa.testcases.ContactsPageTest@161479c6]" started-at="2023-04-17T11:27:08 GMT-04:00" name="setUP" finished-at="2023-04-17T11:27:17 GMT-04:00" duration-ms="8339" status="PASS">
          <reporter-output>
          </reporter-output>
        </test-method> <!-- setUP -->
        <test-method signature="selectSingleContactsTest()[pri:2, instance:com.crm.qa.testcases.ContactsPageTest@161479c6]" started-at="2023-04-17T11:27:17 GMT-04:00" name="selectSingleContactsTest" finished-at="2023-04-17T11:27:18 GMT-04:00" duration-ms="1413" status="PASS">
          <reporter-output>
          </reporter-output>
        </test-method> <!-- selectSingleContactsTest -->
        <test-method is-config="true" signature="tearDown()[pri:0, instance:com.crm.qa.testcases.ContactsPageTest@161479c6]" started-at="2023-04-17T11:27:18 GMT-04:00" name="tearDown" finished-at="2023-04-17T11:27:18 GMT-04:00" duration-ms="240" status="PASS">
          <reporter-output>
          </reporter-output>
        </test-method> <!-- tearDown -->
        <test-method is-config="true" signature="setUP()[pri:0, instance:com.crm.qa.testcases.ContactsPageTest@161479c6]" started-at="2023-04-17T11:27:18 GMT-04:00" name="setUP" finished-at="2023-04-17T11:27:27 GMT-04:00" duration-ms="8599" status="PASS">
          <reporter-output>
          </reporter-output>
        </test-method> <!-- setUP -->
        <test-method signature="selectmultipleContactsTest()[pri:3, instance:com.crm.qa.testcases.ContactsPageTest@161479c6]" started-at="2023-04-17T11:27:27 GMT-04:00" name="selectmultipleContactsTest" finished-at="2023-04-17T11:27:28 GMT-04:00" duration-ms="1444" status="PASS">
          <reporter-output>
          </reporter-output>
        </test-method> <!-- selectmultipleContactsTest -->
        <test-method is-config="true" signature="tearDown()[pri:0, instance:com.crm.qa.testcases.ContactsPageTest@161479c6]" started-at="2023-04-17T11:27:28 GMT-04:00" name="tearDown" finished-at="2023-04-17T11:27:29 GMT-04:00" duration-ms="244" status="PASS">
          <reporter-output>
          </reporter-output>
        </test-method> <!-- tearDown -->
        <test-method is-config="true" signature="setUP()[pri:0, instance:com.crm.qa.testcases.ContactsPageTest@161479c6]" started-at="2023-04-17T11:27:30 GMT-04:00" name="setUP" finished-at="2023-04-17T11:27:39 GMT-04:00" duration-ms="9066" status="PASS">
          <reporter-output>
          </reporter-output>
        </test-method> <!-- setUP -->
        <test-method signature="CreateNewContactTest(java.lang.String,java.lang.String,java.lang.String,java.lang.String)[pri:4, instance:com.crm.qa.testcases.ContactsPageTest@161479c6]" started-at="2023-04-17T11:27:39 GMT-04:00" name="CreateNewContactTest" data-provider="getCRMTestData" finished-at="2023-04-17T11:27:43 GMT-04:00" duration-ms="4175" status="PASS">
          <params>
            <param index="0">
              <value>
                <![CDATA[Mr.]]>
              </value>
            </param>
            <param index="1">
              <value>
                <![CDATA[tom]]>
              </value>
            </param>
            <param index="2">
              <value>
                <![CDATA[peter]]>
              </value>
            </param>
            <param index="3">
              <value>
                <![CDATA[google]]>
              </value>
            </param>
          </params>
          <reporter-output>
          </reporter-output>
        </test-method> <!-- CreateNewContactTest -->
        <test-method is-config="true" signature="tearDown()[pri:0, instance:com.crm.qa.testcases.ContactsPageTest@161479c6]" started-at="2023-04-17T11:27:43 GMT-04:00" name="tearDown" finished-at="2023-04-17T11:27:43 GMT-04:00" duration-ms="311" status="PASS">
          <reporter-output>
          </reporter-output>
        </test-method> <!-- tearDown -->
        <test-method is-config="true" signature="setUP()[pri:0, instance:com.crm.qa.testcases.ContactsPageTest@161479c6]" started-at="2023-04-17T11:27:43 GMT-04:00" name="setUP" finished-at="2023-04-17T11:27:52 GMT-04:00" duration-ms="9087" status="PASS">
          <reporter-output>
          </reporter-output>
        </test-method> <!-- setUP -->
        <test-method signature="CreateNewContactTest(java.lang.String,java.lang.String,java.lang.String,java.lang.String)[pri:4, instance:com.crm.qa.testcases.ContactsPageTest@161479c6]" started-at="2023-04-17T11:27:52 GMT-04:00" name="CreateNewContactTest" data-provider="getCRMTestData" finished-at="2023-04-17T11:27:56 GMT-04:00" duration-ms="3710" status="PASS">
          <params>
            <param index="0">
              <value>
                <![CDATA[Dr.]]>
              </value>
            </param>
            <param index="1">
              <value>
                <![CDATA[David]]>
              </value>
            </param>
            <param index="2">
              <value>
                <![CDATA[cris]]>
              </value>
            </param>
            <param index="3">
              <value>
                <![CDATA[Amazon]]>
              </value>
            </param>
          </params>
          <reporter-output>
          </reporter-output>
        </test-method> <!-- CreateNewContactTest -->
        <test-method is-config="true" signature="tearDown()[pri:0, instance:com.crm.qa.testcases.ContactsPageTest@161479c6]" started-at="2023-04-17T11:27:56 GMT-04:00" name="tearDown" finished-at="2023-04-17T11:27:56 GMT-04:00" duration-ms="255" status="PASS">
          <reporter-output>
          </reporter-output>
        </test-method> <!-- tearDown -->
        <test-method is-config="true" signature="setUP()[pri:0, instance:com.crm.qa.testcases.ContactsPageTest@161479c6]" started-at="2023-04-17T11:27:56 GMT-04:00" name="setUP" finished-at="2023-04-17T11:28:05 GMT-04:00" duration-ms="8512" status="PASS">
          <reporter-output>
          </reporter-output>
        </test-method> <!-- setUP -->
        <test-method signature="CreateNewContactTest(java.lang.String,java.lang.String,java.lang.String,java.lang.String)[pri:4, instance:com.crm.qa.testcases.ContactsPageTest@161479c6]" started-at="2023-04-17T11:28:05 GMT-04:00" name="CreateNewContactTest" data-provider="getCRMTestData" finished-at="2023-04-17T11:28:09 GMT-04:00" duration-ms="3844" status="PASS">
          <params>
            <param index="0">
              <value>
                <![CDATA[Mrs.]]>
              </value>
            </param>
            <param index="1">
              <value>
                <![CDATA[mukta]]>
              </value>
            </param>
            <param index="2">
              <value>
                <![CDATA[Sharma]]>
              </value>
            </param>
            <param index="3">
              <value>
                <![CDATA[Ebay]]>
              </value>
            </param>
          </params>
          <reporter-output>
          </reporter-output>
        </test-method> <!-- CreateNewContactTest -->
        <test-method is-config="true" signature="tearDown()[pri:0, instance:com.crm.qa.testcases.ContactsPageTest@161479c6]" started-at="2023-04-17T11:28:09 GMT-04:00" name="tearDown" finished-at="2023-04-17T11:28:09 GMT-04:00" duration-ms="248" status="PASS">
          <reporter-output>
          </reporter-output>
        </test-method> <!-- tearDown -->
      </class> <!-- com.crm.qa.testcases.ContactsPageTest -->
      <class name="com.crm.qa.testcases.LoginPageTest">
        <test-method is-config="true" signature="setUP()[pri:0, instance:com.crm.qa.testcases.LoginPageTest@49d904ec]" started-at="2023-04-17T11:28:36 GMT-04:00" name="setUP" finished-at="2023-04-17T11:28:39 GMT-04:00" duration-ms="3394" status="PASS">
          <reporter-output>
          </reporter-output>
        </test-method> <!-- setUP -->
        <test-method signature="LoginPageTitleTest()[pri:1, instance:com.crm.qa.testcases.LoginPageTest@49d904ec]" started-at="2023-04-17T11:28:39 GMT-04:00" name="LoginPageTitleTest" finished-at="2023-04-17T11:28:39 GMT-04:00" duration-ms="7" status="PASS">
          <reporter-output>
          </reporter-output>
        </test-method> <!-- LoginPageTitleTest -->
        <test-method is-config="true" signature="tearDown()[pri:0, instance:com.crm.qa.testcases.LoginPageTest@49d904ec]" started-at="2023-04-17T11:28:39 GMT-04:00" name="tearDown" finished-at="2023-04-17T11:28:40 GMT-04:00" duration-ms="186" status="PASS">
          <reporter-output>
          </reporter-output>
        </test-method> <!-- tearDown -->
        <test-method is-config="true" signature="setUP()[pri:0, instance:com.crm.qa.testcases.LoginPageTest@49d904ec]" started-at="2023-04-17T11:28:40 GMT-04:00" name="setUP" finished-at="2023-04-17T11:28:43 GMT-04:00" duration-ms="3441" status="PASS">
          <reporter-output>
          </reporter-output>
        </test-method> <!-- setUP -->
        <test-method signature="crmLogoImageTest()[pri:2, instance:com.crm.qa.testcases.LoginPageTest@49d904ec]" started-at="2023-04-17T11:28:43 GMT-04:00" name="crmLogoImageTest" finished-at="2023-04-17T11:28:43 GMT-04:00" duration-ms="92" status="PASS">
          <reporter-output>
          </reporter-output>
        </test-method> <!-- crmLogoImageTest -->
        <test-method is-config="true" signature="tearDown()[pri:0, instance:com.crm.qa.testcases.LoginPageTest@49d904ec]" started-at="2023-04-17T11:28:43 GMT-04:00" name="tearDown" finished-at="2023-04-17T11:28:43 GMT-04:00" duration-ms="194" status="PASS">
          <reporter-output>
          </reporter-output>
        </test-method> <!-- tearDown -->
        <test-method is-config="true" signature="setUP()[pri:0, instance:com.crm.qa.testcases.LoginPageTest@49d904ec]" started-at="2023-04-17T11:28:43 GMT-04:00" name="setUP" finished-at="2023-04-17T11:28:47 GMT-04:00" duration-ms="3542" status="PASS">
          <reporter-output>
          </reporter-output>
        </test-method> <!-- setUP -->
        <test-method signature="LoginTest()[pri:3, instance:com.crm.qa.testcases.LoginPageTest@49d904ec]" started-at="2023-04-17T11:28:47 GMT-04:00" name="LoginTest" finished-at="2023-04-17T11:28:52 GMT-04:00" duration-ms="4909" status="PASS">
          <reporter-output>
          </reporter-output>
        </test-method> <!-- LoginTest -->
        <test-method is-config="true" signature="tearDown()[pri:0, instance:com.crm.qa.testcases.LoginPageTest@49d904ec]" started-at="2023-04-17T11:28:52 GMT-04:00" name="tearDown" finished-at="2023-04-17T11:28:52 GMT-04:00" duration-ms="248" status="PASS">
          <reporter-output>
          </reporter-output>
        </test-method> <!-- tearDown -->
      </class> <!-- com.crm.qa.testcases.LoginPageTest -->
    </test> <!-- Surefire test -->
  </suite> <!-- Surefire suite -->
</testng-results>
