<?xml version="1.0" encoding="UTF-8"?>
<testng-results ignored="0" total="12" passed="12" failed="0" skipped="0">
  <reporter-output>
  </reporter-output>
  <suite started-at="2023-04-17T10:48:00 GMT-04:00" name="FREE CRM Application Test Automation Test Suite" finished-at="2023-04-17T10:50:09 GMT-04:00" duration-ms="128335">
    <groups>
    </groups>
    <test started-at="2023-04-17T10:48:00 GMT-04:00" name="Free CRM App Test Cases" finished-at="2023-04-17T10:50:09 GMT-04:00" duration-ms="128335">
      <class name="com.crm.qa.testcases.HomePageTest">
        <test-method is-config="true" signature="setUP()[pri:0, instance:com.crm.qa.testcases.HomePageTest@496bc455]" started-at="2023-04-17T10:48:21 GMT-04:00" name="setUP" finished-at="2023-04-17T10:48:30 GMT-04:00" duration-ms="8917" status="PASS">
          <reporter-output>
          </reporter-output>
        </test-method> <!-- setUP -->
        <test-method signature="HomePageTitleTest()[pri:1, instance:com.crm.qa.testcases.HomePageTest@496bc455]" started-at="2023-04-17T10:48:30 GMT-04:00" name="HomePageTitleTest" finished-at="2023-04-17T10:48:30 GMT-04:00" duration-ms="9" status="PASS">
          <reporter-output>
          </reporter-output>
        </test-method> <!-- HomePageTitleTest -->
        <test-method is-config="true" signature="tearDown()[pri:0, instance:com.crm.qa.testcases.HomePageTest@496bc455]" started-at="2023-04-17T10:48:30 GMT-04:00" name="tearDown" finished-at="2023-04-17T10:48:31 GMT-04:00" duration-ms="758" status="PASS">
          <reporter-output>
          </reporter-output>
        </test-method> <!-- tearDown -->
        <test-method is-config="true" signature="setUP()[pri:0, instance:com.crm.qa.testcases.HomePageTest@496bc455]" started-at="2023-04-17T10:48:31 GMT-04:00" name="setUP" finished-at="2023-04-17T10:48:40 GMT-04:00" duration-ms="9382" status="PASS">
          <reporter-output>
          </reporter-output>
        </test-method> <!-- setUP -->
        <test-method signature="verifyUserNameTest()[pri:2, instance:com.crm.qa.testcases.HomePageTest@496bc455]" started-at="2023-04-17T10:48:40 GMT-04:00" name="verifyUserNameTest" finished-at="2023-04-17T10:48:41 GMT-04:00" duration-ms="95" status="PASS">
          <reporter-output>
          </reporter-output>
        </test-method> <!-- verifyUserNameTest -->
        <test-method is-config="true" signature="tearDown()[pri:0, instance:com.crm.qa.testcases.HomePageTest@496bc455]" started-at="2023-04-17T10:48:41 GMT-04:00" name="tearDown" finished-at="2023-04-17T10:48:41 GMT-04:00" duration-ms="739" status="PASS">
          <reporter-output>
          </reporter-output>
        </test-method> <!-- tearDown -->
        <test-method is-config="true" signature="setUP()[pri:0, instance:com.crm.qa.testcases.HomePageTest@496bc455]" started-at="2023-04-17T10:48:41 GMT-04:00" name="setUP" finished-at="2023-04-17T10:48:50 GMT-04:00" duration-ms="8720" status="PASS">
          <reporter-output>
          </reporter-output>
        </test-method> <!-- setUP -->
        <test-method signature="verifyContactsLinkTest()[pri:3, instance:com.crm.qa.testcases.HomePageTest@496bc455]" started-at="2023-04-17T10:48:50 GMT-04:00" name="verifyContactsLinkTest" finished-at="2023-04-17T10:48:52 GMT-04:00" duration-ms="1650" status="PASS">
          <reporter-output>
          </reporter-output>
        </test-method> <!-- verifyContactsLinkTest -->
        <test-method is-config="true" signature="tearDown()[pri:0, instance:com.crm.qa.testcases.HomePageTest@496bc455]" started-at="2023-04-17T10:48:52 GMT-04:00" name="tearDown" finished-at="2023-04-17T10:48:52 GMT-04:00" duration-ms="698" status="PASS">
          <reporter-output>
          </reporter-output>
        </test-method> <!-- tearDown -->
      </class> <!-- com.crm.qa.testcases.HomePageTest -->
      <class name="com.crm.qa.testcases.ContactsPageTest">
        <test-method is-config="true" signature="setUP()[pri:0, instance:com.crm.qa.testcases.ContactsPageTest@59402b8f]" started-at="2023-04-17T10:48:52 GMT-04:00" name="setUP" finished-at="2023-04-17T10:49:01 GMT-04:00" duration-ms="8833" status="PASS">
          <reporter-output>
          </reporter-output>
        </test-method> <!-- setUP -->
        <test-method signature="VerifyContactsPageLableTest()[pri:1, instance:com.crm.qa.testcases.ContactsPageTest@59402b8f]" started-at="2023-04-17T10:49:01 GMT-04:00" name="VerifyContactsPageLableTest" finished-at="2023-04-17T10:49:03 GMT-04:00" duration-ms="1525" status="PASS">
          <reporter-output>
          </reporter-output>
        </test-method> <!-- VerifyContactsPageLableTest -->
        <test-method is-config="true" signature="tearDown()[pri:0, instance:com.crm.qa.testcases.ContactsPageTest@59402b8f]" started-at="2023-04-17T10:49:03 GMT-04:00" name="tearDown" finished-at="2023-04-17T10:49:03 GMT-04:00" duration-ms="731" status="PASS">
          <reporter-output>
          </reporter-output>
        </test-method> <!-- tearDown -->
        <test-method is-config="true" signature="setUP()[pri:0, instance:com.crm.qa.testcases.ContactsPageTest@59402b8f]" started-at="2023-04-17T10:49:03 GMT-04:00" name="setUP" finished-at="2023-04-17T10:49:13 GMT-04:00" duration-ms="9609" status="PASS">
          <reporter-output>
          </reporter-output>
        </test-method> <!-- setUP -->
        <test-method signature="selectSingleContactsTest()[pri:2, instance:com.crm.qa.testcases.ContactsPageTest@59402b8f]" started-at="2023-04-17T10:49:13 GMT-04:00" name="selectSingleContactsTest" finished-at="2023-04-17T10:49:14 GMT-04:00" duration-ms="1395" status="PASS">
          <reporter-output>
          </reporter-output>
        </test-method> <!-- selectSingleContactsTest -->
        <test-method is-config="true" signature="tearDown()[pri:0, instance:com.crm.qa.testcases.ContactsPageTest@59402b8f]" started-at="2023-04-17T10:49:14 GMT-04:00" name="tearDown" finished-at="2023-04-17T10:49:15 GMT-04:00" duration-ms="739" status="PASS">
          <reporter-output>
          </reporter-output>
        </test-method> <!-- tearDown -->
        <test-method is-config="true" signature="setUP()[pri:0, instance:com.crm.qa.testcases.ContactsPageTest@59402b8f]" started-at="2023-04-17T10:49:15 GMT-04:00" name="setUP" finished-at="2023-04-17T10:49:24 GMT-04:00" duration-ms="9202" status="PASS">
          <reporter-output>
          </reporter-output>
        </test-method> <!-- setUP -->
        <test-method signature="selectmultipleContactsTest()[pri:3, instance:com.crm.qa.testcases.ContactsPageTest@59402b8f]" started-at="2023-04-17T10:49:24 GMT-04:00" name="selectmultipleContactsTest" finished-at="2023-04-17T10:49:26 GMT-04:00" duration-ms="1516" status="PASS">
          <reporter-output>
          </reporter-output>
        </test-method> <!-- selectmultipleContactsTest -->
        <test-method is-config="true" signature="tearDown()[pri:0, instance:com.crm.qa.testcases.ContactsPageTest@59402b8f]" started-at="2023-04-17T10:49:26 GMT-04:00" name="tearDown" finished-at="2023-04-17T10:49:27 GMT-04:00" duration-ms="738" status="PASS">
          <reporter-output>
          </reporter-output>
        </test-method> <!-- tearDown -->
        <test-method is-config="true" signature="setUP()[pri:0, instance:com.crm.qa.testcases.ContactsPageTest@59402b8f]" started-at="2023-04-17T10:49:28 GMT-04:00" name="setUP" finished-at="2023-04-17T10:49:36 GMT-04:00" duration-ms="8363" status="PASS">
          <reporter-output>
          </reporter-output>
        </test-method> <!-- setUP -->
        <test-method signature="CreateNewContactTest(java.lang.String,java.lang.String,java.lang.String,java.lang.String)[pri:4, instance:com.crm.qa.testcases.ContactsPageTest@59402b8f]" started-at="2023-04-17T10:49:36 GMT-04:00" name="CreateNewContactTest" data-provider="getCRMTestData" finished-at="2023-04-17T10:49:41 GMT-04:00" duration-ms="4439" status="PASS">
          <params>
            <param index="0">
              <value>
                <![CDATA[Mr.]]>
              </value>
            </param>
            <param index="1">
              <value>
                <![CDATA[tom]]>
              </value>
            </param>
            <param index="2">
              <value>
                <![CDATA[peter]]>
              </value>
            </param>
            <param index="3">
              <value>
                <![CDATA[google]]>
              </value>
            </param>
          </params>
          <reporter-output>
          </reporter-output>
        </test-method> <!-- CreateNewContactTest -->
        <test-method is-config="true" signature="tearDown()[pri:0, instance:com.crm.qa.testcases.ContactsPageTest@59402b8f]" started-at="2023-04-17T10:49:41 GMT-04:00" name="tearDown" finished-at="2023-04-17T10:49:41 GMT-04:00" duration-ms="726" status="PASS">
          <reporter-output>
          </reporter-output>
        </test-method> <!-- tearDown -->
        <test-method is-config="true" signature="setUP()[pri:0, instance:com.crm.qa.testcases.ContactsPageTest@59402b8f]" started-at="2023-04-17T10:49:41 GMT-04:00" name="setUP" finished-at="2023-04-17T10:49:51 GMT-04:00" duration-ms="9521" status="PASS">
          <reporter-output>
          </reporter-output>
        </test-method> <!-- setUP -->
        <test-method signature="CreateNewContactTest(java.lang.String,java.lang.String,java.lang.String,java.lang.String)[pri:4, instance:com.crm.qa.testcases.ContactsPageTest@59402b8f]" started-at="2023-04-17T10:49:51 GMT-04:00" name="CreateNewContactTest" data-provider="getCRMTestData" finished-at="2023-04-17T10:49:55 GMT-04:00" duration-ms="3774" status="PASS">
          <params>
            <param index="0">
              <value>
                <![CDATA[Dr.]]>
              </value>
            </param>
            <param index="1">
              <value>
                <![CDATA[David]]>
              </value>
            </param>
            <param index="2">
              <value>
                <![CDATA[cris]]>
              </value>
            </param>
            <param index="3">
              <value>
                <![CDATA[Amazon]]>
              </value>
            </param>
          </params>
          <reporter-output>
          </reporter-output>
        </test-method> <!-- CreateNewContactTest -->
        <test-method is-config="true" signature="tearDown()[pri:0, instance:com.crm.qa.testcases.ContactsPageTest@59402b8f]" started-at="2023-04-17T10:49:55 GMT-04:00" name="tearDown" finished-at="2023-04-17T10:49:55 GMT-04:00" duration-ms="759" status="PASS">
          <reporter-output>
          </reporter-output>
        </test-method> <!-- tearDown -->
        <test-method is-config="true" signature="setUP()[pri:0, instance:com.crm.qa.testcases.ContactsPageTest@59402b8f]" started-at="2023-04-17T10:49:55 GMT-04:00" name="setUP" finished-at="2023-04-17T10:50:04 GMT-04:00" duration-ms="9023" status="PASS">
          <reporter-output>
          </reporter-output>
        </test-method> <!-- setUP -->
        <test-method signature="CreateNewContactTest(java.lang.String,java.lang.String,java.lang.String,java.lang.String)[pri:4, instance:com.crm.qa.testcases.ContactsPageTest@59402b8f]" started-at="2023-04-17T10:50:04 GMT-04:00" name="CreateNewContactTest" data-provider="getCRMTestData" finished-at="2023-04-17T10:50:08 GMT-04:00" duration-ms="3550" status="PASS">
          <params>
            <param index="0">
              <value>
                <![CDATA[Mrs.]]>
              </value>
            </param>
            <param index="1">
              <value>
                <![CDATA[mukta]]>
              </value>
            </param>
            <param index="2">
              <value>
                <![CDATA[Sharma]]>
              </value>
            </param>
            <param index="3">
              <value>
                <![CDATA[Ebay]]>
              </value>
            </param>
          </params>
          <reporter-output>
          </reporter-output>
        </test-method> <!-- CreateNewContactTest -->
        <test-method is-config="true" signature="tearDown()[pri:0, instance:com.crm.qa.testcases.ContactsPageTest@59402b8f]" started-at="2023-04-17T10:50:08 GMT-04:00" name="tearDown" finished-at="2023-04-17T10:50:09 GMT-04:00" duration-ms="768" status="PASS">
          <reporter-output>
          </reporter-output>
        </test-method> <!-- tearDown -->
      </class> <!-- com.crm.qa.testcases.ContactsPageTest -->
      <class name="com.crm.qa.testcases.LoginPageTest">
        <test-method is-config="true" signature="setUP()[pri:0, instance:com.crm.qa.testcases.LoginPageTest@28261e8e]" started-at="2023-04-17T10:48:00 GMT-04:00" name="setUP" finished-at="2023-04-17T10:48:07 GMT-04:00" duration-ms="6334" status="PASS">
          <reporter-output>
          </reporter-output>
        </test-method> <!-- setUP -->
        <test-method signature="LoginPageTitleTest()[pri:1, instance:com.crm.qa.testcases.LoginPageTest@28261e8e]" started-at="2023-04-17T10:48:07 GMT-04:00" name="LoginPageTitleTest" finished-at="2023-04-17T10:48:07 GMT-04:00" duration-ms="29" status="PASS">
          <reporter-output>
          </reporter-output>
        </test-method> <!-- LoginPageTitleTest -->
        <test-method is-config="true" signature="tearDown()[pri:0, instance:com.crm.qa.testcases.LoginPageTest@28261e8e]" started-at="2023-04-17T10:48:07 GMT-04:00" name="tearDown" finished-at="2023-04-17T10:48:07 GMT-04:00" duration-ms="691" status="PASS">
          <reporter-output>
          </reporter-output>
        </test-method> <!-- tearDown -->
        <test-method is-config="true" signature="setUP()[pri:0, instance:com.crm.qa.testcases.LoginPageTest@28261e8e]" started-at="2023-04-17T10:48:07 GMT-04:00" name="setUP" finished-at="2023-04-17T10:48:11 GMT-04:00" duration-ms="3550" status="PASS">
          <reporter-output>
          </reporter-output>
        </test-method> <!-- setUP -->
        <test-method signature="crmLogoImageTest()[pri:2, instance:com.crm.qa.testcases.LoginPageTest@28261e8e]" started-at="2023-04-17T10:48:11 GMT-04:00" name="crmLogoImageTest" finished-at="2023-04-17T10:48:11 GMT-04:00" duration-ms="71" status="PASS">
          <reporter-output>
          </reporter-output>
        </test-method> <!-- crmLogoImageTest -->
        <test-method is-config="true" signature="tearDown()[pri:0, instance:com.crm.qa.testcases.LoginPageTest@28261e8e]" started-at="2023-04-17T10:48:11 GMT-04:00" name="tearDown" finished-at="2023-04-17T10:48:12 GMT-04:00" duration-ms="694" status="PASS">
          <reporter-output>
          </reporter-output>
        </test-method> <!-- tearDown -->
        <test-method is-config="true" signature="setUP()[pri:0, instance:com.crm.qa.testcases.LoginPageTest@28261e8e]" started-at="2023-04-17T10:48:12 GMT-04:00" name="setUP" finished-at="2023-04-17T10:48:15 GMT-04:00" duration-ms="3686" status="PASS">
          <reporter-output>
          </reporter-output>
        </test-method> <!-- setUP -->
        <test-method signature="LoginTest()[pri:3, instance:com.crm.qa.testcases.LoginPageTest@28261e8e]" started-at="2023-04-17T10:48:15 GMT-04:00" name="LoginTest" finished-at="2023-04-17T10:48:21 GMT-04:00" duration-ms="5148" status="PASS">
          <reporter-output>
          </reporter-output>
        </test-method> <!-- LoginTest -->
        <test-method is-config="true" signature="tearDown()[pri:0, instance:com.crm.qa.testcases.LoginPageTest@28261e8e]" started-at="2023-04-17T10:48:21 GMT-04:00" name="tearDown" finished-at="2023-04-17T10:48:21 GMT-04:00" duration-ms="758" status="PASS">
          <reporter-output>
          </reporter-output>
        </test-method> <!-- tearDown -->
      </class> <!-- com.crm.qa.testcases.LoginPageTest -->
    </test> <!-- Free CRM App Test Cases -->
  </suite> <!-- FREE CRM Application Test Automation Test Suite -->
</testng-results>
